\BOOKMARK [1][-]{section.1}{Introdu\347\343o}{}% 1
\BOOKMARK [1][-]{section.2}{Diagrama de Entidade Relacionamento \(DER\)}{}% 2
\BOOKMARK [2][-]{subsection.2.1}{Caracter\355sticas dos atributos do DER}{section.2}% 3
\BOOKMARK [2][-]{subsection.2.2}{Entidades do DER}{section.2}% 4
\BOOKMARK [2][-]{subsection.2.3}{Rela\347\365es do DER}{section.2}% 5
\BOOKMARK [1][-]{section.3}{Modelo Relacional \(MR\)}{}% 6
\BOOKMARK [1][-]{section.4}{Formas Normais}{}% 7
\BOOKMARK [2][-]{subsection.4.1}{1FN}{section.4}% 8
\BOOKMARK [2][-]{subsection.4.2}{2FN}{section.4}% 9
\BOOKMARK [2][-]{subsection.4.3}{3FN}{section.4}% 10
\BOOKMARK [1][-]{section.5}{Extract, Transform, Load \(ETL\)}{}% 11
\BOOKMARK [2][-]{subsection.5.1}{Extract}{section.5}% 12
\BOOKMARK [2][-]{subsection.5.2}{Transform}{section.5}% 13
\BOOKMARK [2][-]{subsection.5.3}{Load}{section.5}% 14
\BOOKMARK [1][-]{section.6}{Scripts}{}% 15
\BOOKMARK [1][-]{section.7}{Camadas}{}% 16
\BOOKMARK [2][-]{subsection.7.1}{Persist\352ncia}{section.7}% 17
\BOOKMARK [2][-]{subsection.7.2}{GUI}{section.7}% 18
\BOOKMARK [1][-]{section.8}{Consultas}{}% 19
\BOOKMARK [1][-]{section.9}{Views}{}% 20
\BOOKMARK [1][-]{section.10}{Procedure}{}% 21
\BOOKMARK [1][-]{section.11}{Trigger}{}% 22
\BOOKMARK [1][-]{section.12}{Solu\347\343o das Perguntas}{}% 23
\BOOKMARK [1][-]{section.13}{An\341lise dos Resultados}{}% 24
\BOOKMARK [1][-]{section.14}{Conclus\343o}{}% 25
